-- The C compiler identification is GNU 13.1.0
-- The CXX compiler identification is GNU 13.1.0
-- Detecting C compiler ABI info
-- Detecting C compiler ABI info - done
-- Check for working C compiler: /usr/bin/cc - skipped
-- Detecting C compile features
-- Detecting C compile features - done
-- Detecting CXX compiler ABI info
-- Detecting CXX compiler ABI info - done
-- Check for working CXX compiler: /usr/bin/c++ - skipped
-- Detecting CXX compile features
-- Detecting CXX compile features - done
Katalog do zbudowanego projektu: /tmp/tmpk9br9tqd/student/build
 + Znaleziono nagłówki: /tmp/tmpk9br9tqd/student/matrix.h;/tmp/tmpk9br9tqd/student/matrixElement.h
 + Znaleziono źródła: /tmp/tmpk9br9tqd/student/main.cpp;/tmp/tmpk9br9tqd/student/matrix.cpp
 + Znaleziono źródła bez main.cpp: /tmp/tmpk9br9tqd/student/matrix.cpp
	* valgrind found: /usr/bin/valgrind
-- Found Python: /tmp/tmp1c2pp7t_/teacher/test-venv/bin/python3 (found version "3.12.1") found components: Interpreter 
-- Looking for pthread.h
-- Looking for pthread.h - found
-- Performing Test CMAKE_HAVE_LIBC_PTHREAD
-- Performing Test CMAKE_HAVE_LIBC_PTHREAD - Success
-- Found Threads: TRUE  
 + Znaleziono pliki testów: /tmp/tmpk9br9tqd/student/tests/matrixTests.cpp
 + katalog nagłówków: 
-- Configuring done
-- Generating done
-- Build files have been written to: /tmp/tmpk9br9tqd/student/build
