{
  "tests": 12,
  "failures": 12,
  "disabled": 0,
  "errors": 0,
  "timestamp": "2024-02-29T12:54:11Z",
  "time": "0s",
  "name": "AllTests",
  "testsuites": [
    {
      "name": "FractionTester",
      "tests": 12,
      "failures": 12,
      "disabled": 0,
      "errors": 0,
      "timestamp": "2024-02-29T12:54:11Z",
      "time": "0s",
      "testsuite": [
        {
          "name": "classFractionExists",
          "file": "\/tmp\/tmp7viz7682\/student\/zaj1Fraction\/tests\/fractionTests.cpp",
          "line": 42,
          "status": "RUN",
          "result": "COMPLETED",
          "timestamp": "2024-02-29T12:54:11Z",
          "time": "0s",
          "classname": "FractionTester",
          "failures": [
            {
              "failure": "\/tmp\/tmp7viz7682\/student\/zaj1Fraction\/tests\/fractionTests.cpp:45\nFailed\nClass not implemented!",
              "type": ""
            }
          ]
        },
        {
          "name": "hasNumeratorAndDenominator",
          "file": "\/tmp\/tmp7viz7682\/student\/zaj1Fraction\/tests\/fractionTests.cpp",
          "line": 51,
          "status": "RUN",
          "result": "COMPLETED",
          "timestamp": "2024-02-29T12:54:11Z",
          "time": "0s",
          "classname": "FractionTester",
          "failures": [
            {
              "failure": "\/tmp\/tmp7viz7682\/student\/zaj1Fraction\/tests\/fractionTests.cpp:63\nFailed\nNumerator and denominator not implemented!",
              "type": ""
            }
          ]
        },
        {
          "name": "checkIfHasDefaultConstructor",
          "file": "\/tmp\/tmp7viz7682\/student\/zaj1Fraction\/tests\/fractionTests.cpp",
          "line": 67,
          "status": "RUN",
          "result": "COMPLETED",
          "timestamp": "2024-02-29T12:54:11Z",
          "time": "0s",
          "classname": "FractionTester",
          "failures": [
            {
              "failure": "\/tmp\/tmp7viz7682\/student\/zaj1Fraction\/tests\/fractionTests.cpp:72\nFailed\nClass not implemented!",
              "type": ""
            }
          ]
        },
        {
          "name": "hasConstructorWhichInitialiseNumeratorAndDenominator",
          "file": "\/tmp\/tmp7viz7682\/student\/zaj1Fraction\/tests\/fractionTests.cpp",
          "line": 76,
          "status": "RUN",
          "result": "COMPLETED",
          "timestamp": "2024-02-29T12:54:11Z",
          "time": "0s",
          "classname": "FractionTester",
          "failures": [
            {
              "failure": "\/tmp\/tmp7viz7682\/student\/zaj1Fraction\/tests\/fractionTests.cpp:93\nFailed\nConstructor not implemented!",
              "type": ""
            }
          ]
        },
        {
          "name": "hasGettersAndSetters",
          "file": "\/tmp\/tmp7viz7682\/student\/zaj1Fraction\/tests\/fractionTests.cpp",
          "line": 97,
          "status": "RUN",
          "result": "COMPLETED",
          "timestamp": "2024-02-29T12:54:11Z",
          "time": "0s",
          "classname": "FractionTester",
          "failures": [
            {
              "failure": "\/tmp\/tmp7viz7682\/student\/zaj1Fraction\/tests\/fractionTests.cpp:112\nFailed\nClass not implemented!",
              "type": ""
            }
          ]
        },
        {
          "name": "hasPrintFunction",
          "file": "\/tmp\/tmp7viz7682\/student\/zaj1Fraction\/tests\/fractionTests.cpp",
          "line": 116,
          "status": "RUN",
          "result": "COMPLETED",
          "timestamp": "2024-02-29T12:54:11Z",
          "time": "0s",
          "classname": "FractionTester",
          "failures": [
            {
              "failure": "\/tmp\/tmp7viz7682\/student\/zaj1Fraction\/tests\/fractionTests.cpp:129\nFailed\nNo function wypisz() implemented",
              "type": ""
            }
          ]
        },
        {
          "name": "counterOfDestructedFractionsImplemented",
          "file": "\/tmp\/tmp7viz7682\/student\/zaj1Fraction\/tests\/fractionTests.cpp",
          "line": 133,
          "status": "RUN",
          "result": "COMPLETED",
          "timestamp": "2024-02-29T12:54:11Z",
          "time": "0s",
          "classname": "FractionTester",
          "failures": [
            {
              "failure": "\/tmp\/tmp7viz7682\/student\/zaj1Fraction\/tests\/fractionTests.cpp:144\nFailed\nNo static function implemented",
              "type": ""
            }
          ]
        },
        {
          "name": "saveImplemented",
          "file": "\/tmp\/tmp7viz7682\/student\/zaj1Fraction\/tests\/fractionTests.cpp",
          "line": 148,
          "status": "RUN",
          "result": "COMPLETED",
          "timestamp": "2024-02-29T12:54:11Z",
          "time": "0s",
          "classname": "FractionTester",
          "failures": [
            {
              "failure": "\/tmp\/tmp7viz7682\/student\/zaj1Fraction\/tests\/fractionTests.cpp:160\nFailed\nNo static function implemented",
              "type": ""
            }
          ]
        },
        {
          "name": "loadImplemented",
          "file": "\/tmp\/tmp7viz7682\/student\/zaj1Fraction\/tests\/fractionTests.cpp",
          "line": 164,
          "status": "RUN",
          "result": "COMPLETED",
          "timestamp": "2024-02-29T12:54:11Z",
          "time": "0s",
          "classname": "FractionTester",
          "failures": [
            {
              "failure": "\/tmp\/tmp7viz7682\/student\/zaj1Fraction\/tests\/fractionTests.cpp:179\nFailed\nNo static function implemented",
              "type": ""
            }
          ]
        },
        {
          "name": "fractionNameSettableFromConstructor",
          "file": "\/tmp\/tmp7viz7682\/student\/zaj1Fraction\/tests\/fractionTests.cpp",
          "line": 183,
          "status": "RUN",
          "result": "COMPLETED",
          "timestamp": "2024-02-29T12:54:11Z",
          "time": "0s",
          "classname": "FractionTester",
          "failures": [
            {
              "failure": "\/tmp\/tmp7viz7682\/student\/zaj1Fraction\/tests\/fractionTests.cpp:197\nFailed\nFunction name not implemented!",
              "type": ""
            }
          ]
        },
        {
          "name": "fractionGettersAreConst",
          "file": "\/tmp\/tmp7viz7682\/student\/zaj1Fraction\/tests\/fractionTests.cpp",
          "line": 201,
          "status": "RUN",
          "result": "COMPLETED",
          "timestamp": "2024-02-29T12:54:11Z",
          "time": "0s",
          "classname": "FractionTester",
          "failures": [
            {
              "failure": "\/tmp\/tmp7viz7682\/student\/zaj1Fraction\/tests\/fractionTests.cpp:215\nFailed\nFunction name not implemented!",
              "type": ""
            }
          ]
        },
        {
          "name": "fractionConstStaticFieldsImplemented",
          "file": "\/tmp\/tmp7viz7682\/student\/zaj1Fraction\/tests\/fractionTests.cpp",
          "line": 219,
          "status": "RUN",
          "result": "COMPLETED",
          "timestamp": "2024-02-29T12:54:11Z",
          "time": "0s",
          "classname": "FractionTester",
          "failures": [
            {
              "failure": "\/tmp\/tmp7viz7682\/student\/zaj1Fraction\/tests\/fractionTests.cpp:228\nFailed\nNo static function implemented",
              "type": ""
            }
          ]
        }
      ]
    }
  ]
}
